<?xml version="1.0" encoding="UTF-8"?>
<!-- Generated by org.testng.reporters.JUnitXMLReporter -->
<testsuite hostname="DineshkumarsMBP.home" name="Default test" tests="2" failures="0" timestamp="31 Dec 2018 09:25:34 GMT" time="3.442" errors="0">
  <testcase name="getWeatherDetailsWithCorrectCityNameTest" time="2.306" classname="com.qa.RestAssured.Tests.WeatherInfoTests"/>
  <testcase name="getWeatherDetailsWithCorrectCityNameTest" time="0.511" classname="com.qa.RestAssured.Tests.WeatherInfoTests"/>
</testsuite> <!-- Default test -->
