<?xml version="1.0" encoding="UTF-8"?>
<testng-results skipped="0" failed="0" total="2" passed="2">
  <reporter-output>
  </reporter-output>
  <suite name="Default suite" duration-ms="3442" started-at="2018-12-31T09:25:31Z" finished-at="2018-12-31T09:25:34Z">
    <groups>
    </groups>
    <test name="Default test" duration-ms="3442" started-at="2018-12-31T09:25:31Z" finished-at="2018-12-31T09:25:34Z">
      <class name="com.qa.RestAssured.Tests.WeatherInfoTests">
        <test-method status="PASS" signature="setUp()[pri:0, instance:com.qa.RestAssured.Tests.WeatherInfoTests@457e2f02]" name="setUp" is-config="true" duration-ms="5" started-at="2018-12-31T04:25:31Z" finished-at="2018-12-31T04:25:31Z">
          <reporter-output>
          </reporter-output>
        </test-method> <!-- setUp -->
        <test-method status="PASS" signature="getWeatherDetailsWithCorrectCityNameTest(java.lang.String, java.lang.String, java.lang.String, java.lang.String, java.lang.String, java.lang.String)[pri:0, instance:com.qa.RestAssured.Tests.WeatherInfoTests@457e2f02]" name="getWeatherDetailsWithCorrectCityNameTest" duration-ms="2306" started-at="2018-12-31T04:25:31Z" data-provider="getData" finished-at="2018-12-31T04:25:33Z">
          <params>
            <param index="0">
              <value>
                <![CDATA[Chennai]]>
              </value>
            </param>
            <param index="1">
              <value>
                <![CDATA[27 Degree celsius]]>
              </value>
            </param>
            <param index="2">
              <value>
                <![CDATA[78 Percent]]>
              </value>
            </param>
            <param index="3">
              <value>
                <![CDATA[mist]]>
              </value>
            </param>
            <param index="4">
              <value>
                <![CDATA[2.1 Km per hour]]>
              </value>
            </param>
            <param index="5">
              <value>
                <![CDATA[50 Degree]]>
              </value>
            </param>
          </params>
          <reporter-output>
          </reporter-output>
        </test-method> <!-- getWeatherDetailsWithCorrectCityNameTest -->
        <test-method status="PASS" signature="setUp()[pri:0, instance:com.qa.RestAssured.Tests.WeatherInfoTests@457e2f02]" name="setUp" is-config="true" duration-ms="2" started-at="2018-12-31T04:25:33Z" finished-at="2018-12-31T04:25:33Z">
          <reporter-output>
          </reporter-output>
        </test-method> <!-- setUp -->
        <test-method status="PASS" signature="getWeatherDetailsWithCorrectCityNameTest(java.lang.String, java.lang.String, java.lang.String, java.lang.String, java.lang.String, java.lang.String)[pri:0, instance:com.qa.RestAssured.Tests.WeatherInfoTests@457e2f02]" name="getWeatherDetailsWithCorrectCityNameTest" duration-ms="511" started-at="2018-12-31T04:25:33Z" data-provider="getData" finished-at="2018-12-31T04:25:34Z">
          <params>
            <param index="0">
              <value>
                <![CDATA[Pune]]>
              </value>
            </param>
            <param index="1">
              <value>
                <![CDATA[16.112 Degree celsius]]>
              </value>
            </param>
            <param index="2">
              <value>
                <![CDATA[76 Percent]]>
              </value>
            </param>
            <param index="3">
              <value>
                <![CDATA[clear sky]]>
              </value>
            </param>
            <param index="4">
              <value>
                <![CDATA[1.16 Km per hour]]>
              </value>
            </param>
            <param index="5">
              <value>
                <![CDATA[293.002 Degree]]>
              </value>
            </param>
          </params>
          <reporter-output>
          </reporter-output>
        </test-method> <!-- getWeatherDetailsWithCorrectCityNameTest -->
      </class> <!-- com.qa.RestAssured.Tests.WeatherInfoTests -->
    </test> <!-- Default test -->
  </suite> <!-- Default suite -->
</testng-results>
